[2m8:46:26 am[22m [31m[1m[vite][22m[39m [31mInternal server error: [postcss] C:/Users/EJAJ/Downloads/united-pallates/united-pallates/src/styles.css:290:9: The `hover:bg-white/8` class does not exist. If `hover:bg-white/8` is a custom class, make sure it is defined within a `@layer` directive.[39m
  Plugin: [35mvite:css[39m
  File: [36mC:/Users/EJAJ/Downloads/united-pallates/united-pallates/src/styles.css[39m:290:8
[33m  288 |  
  289 |      .network-legend-item {
  290 |          @apply inline-flex items-start gap-3 border border-white/10 bg-white/5 px-4 py-3 text-sm font-medium text-sla...
      |          ^
  291 |      }
  292 |  [39m
      at Input.error (C:\Users\EJAJ\Downloads\united-pallates\united-pallates\node_modules\postcss\lib\input.js:135:16)
      at AtRule.error (C:\Users\EJAJ\Downloads\united-pallates\united-pallates\node_modules\postcss\lib\node.js:146:32)
      at processApply (C:\Users\EJAJ\Downloads\united-pallates\united-pallates\node_modules\tailwindcss\lib\lib\expandApplyAtRules.js:380:29)
      at C:\Users\EJAJ\Downloads\united-pallates\united-pallates\node_modules\tailwindcss\lib\lib\expandApplyAtRules.js:551:9
      at C:\Users\EJAJ\Downloads\united-pallates\united-pallates\node_modules\tailwindcss\lib\processTailwindFeatures.js:55:50
      at async plugins (C:\Users\EJAJ\Downloads\united-pallates\united-pallates\node_modules\tailwindcss\lib\plugin.js:38:17)
      at async LazyResult.runAsync (C:\Users\EJAJ\Downloads\united-pallates\united-pallates\node_modules\postcss\lib\lazy-result.js:293:11)
      at async runPostCSS (file:///C:/Users/EJAJ/Downloads/united-pallates/united-pallates/node_modules/vite/dist/node/chunks/config.js:30145:19)
      at async compilePostCSS (file:///C:/Users/EJAJ/Downloads/united-pallates/united-pallates/node_modules/vite/dist/node/chunks/config.js:30129:6)
      at async compileCSS (file:///C:/Users/EJAJ/Downloads/united-pallates/united-pallates/node_modules/vite/dist/node/chunks/config.js:30059:26)
[2m8:46:26 am[22m [31m[1m[vite][22m[39m [31m[2m(client)[22m[39m Pre-transform error: [postcss] C:/Users/EJAJ/Downloads/united-pallates/united-pallates/src/styles.css:290:9: The `hover:bg-white/8` class does not exist. If `hover:bg-white/8` is a custom class, make sure it is defined within a `@layer` directive.
  Plugin: [35mvite:css[39m
  File: [36mC:/Users/EJAJ/Downloads/united-pallates/united-pallates/src/styles.css[39m:290:8
[33m  288 |  
  289 |      .network-legend-item {
  290 |          @apply inline-flex items-start gap-3 border border-white/10 bg-white/5 px-4 py-3 text-sm font-medium text-sla...
      |          ^
  291 |      }
  292 |  [39m
[2m8:46:26 am[22m [31m[1m[vite][22m[39m [31mInternal server error: [postcss] C:/Users/EJAJ/Downloads/united-pallates/united-pallates/src/styles.css:290:9: The `hover:bg-white/8` class does not exist. If `hover:bg-white/8` is a custom class, make sure it is defined within a `@layer` directive.[39m
  Plugin: [35mvite:css[39m
  File: [36mC:/Users/EJAJ/Downloads/united-pallates/united-pallates/src/styles.css[39m:290:8
[33m  288 |  
  289 |      .network-legend-item {
  290 |          @apply inline-flex items-start gap-3 border border-white/10 bg-white/5 px-4 py-3 text-sm font-medium text-sla...
      |          ^
  291 |      }
  292 |  [39m
      at Input.error (C:\Users\EJAJ\Downloads\united-pallates\united-pallates\node_modules\postcss\lib\input.js:135:16)
      at AtRule.error (C:\Users\EJAJ\Downloads\united-pallates\united-pallates\node_modules\postcss\lib\node.js:146:32)
      at processApply (C:\Users\EJAJ\Downloads\united-pallates\united-pallates\node_modules\tailwindcss\lib\lib\expandApplyAtRules.js:380:29)
      at C:\Users\EJAJ\Downloads\united-pallates\united-pallates\node_modules\tailwindcss\lib\lib\expandApplyAtRules.js:551:9
      at C:\Users\EJAJ\Downloads\united-pallates\united-pallates\node_modules\tailwindcss\lib\processTailwindFeatures.js:55:50
      at async plugins (C:\Users\EJAJ\Downloads\united-pallates\united-pallates\node_modules\tailwindcss\lib\plugin.js:38:17)
      at async LazyResult.runAsync (C:\Users\EJAJ\Downloads\united-pallates\united-pallates\node_modules\postcss\lib\lazy-result.js:293:11)
      at async runPostCSS (file:///C:/Users/EJAJ/Downloads/united-pallates/united-pallates/node_modules/vite/dist/node/chunks/config.js:30145:19)
      at async compilePostCSS (file:///C:/Users/EJAJ/Downloads/united-pallates/united-pallates/node_modules/vite/dist/node/chunks/config.js:30129:6)
      at async compileCSS (file:///C:/Users/EJAJ/Downloads/united-pallates/united-pallates/node_modules/vite/dist/node/chunks/config.js:30059:26)
[31m(!) Failed to run dependency scan. Skipping dependency pre-bundling. Error: failed to resolve rollupOptions.input value: "C:\\Users\\EJAJ\\Downloads\\united-pallates\\united-pallates\\src\\services.html".
    at resolvePath (file:///C:/Users/EJAJ/Downloads/united-pallates/united-pallates/node_modules/vite/dist/node/chunks/config.js:31429:29)
    at async Promise.all (index 1)
    at async computeEntries (file:///C:/Users/EJAJ/Downloads/united-pallates/united-pallates/node_modules/vite/dist/node/chunks/config.js:31434:44)
    at async scan (file:///C:/Users/EJAJ/Downloads/united-pallates/united-pallates/node_modules/vite/dist/node/chunks/config.js:31368:19)
    at async file:///C:/Users/EJAJ/Downloads/united-pallates/united-pallates/node_modules/vite/dist/node/chunks/config.js:34111:15[39m
[2m8:54:35 am[22m [31m[1m[vite][22m[39m [31m[2m(client)[22m[39m Pre-transform error: Failed to load url /scripts/home.js (resolved id: /scripts/home.js). Does the file exist?
[2m8:54:37 am[22m [31m[1m[vite][22m[39m [31m[2m(client)[22m[39m Pre-transform error: Failed to load url /scripts/home.js (resolved id: /scripts/home.js). Does the file exist?
[2m9:24:04 am[22m [31m[1m[vite][22m[39m [31mInternal server error: [postcss] C:/Users/EJAJ/Downloads/united-pallates/united-pallates/src/styles.css:232:9: The `border-white/12` class does not exist. If `border-white/12` is a custom class, make sure it is defined within a `@layer` directive.[39m
  Plugin: [35mvite:css[39m
  File: [36mC:/Users/EJAJ/Downloads/united-pallates/united-pallates/src/styles.css[39m:232:8
[33m  230 |  
  231 |      .glass-card {
  232 |          @apply border border-white/12 p-8 backdrop-blur-xl;
      |          ^
  233 |          background:
  234 |              linear-gradient(180deg, rgba(9, 24, 43, 0.56), rgba(9, 24, 43, 0.38)),[39m
      at Input.error (C:\Users\EJAJ\Downloads\united-pallates\united-pallates\node_modules\postcss\lib\input.js:135:16)
      at AtRule.error (C:\Users\EJAJ\Downloads\united-pallates\united-pallates\node_modules\postcss\lib\node.js:146:32)
      at processApply (C:\Users\EJAJ\Downloads\united-pallates\united-pallates\node_modules\tailwindcss\lib\lib\expandApplyAtRules.js:380:29)
      at C:\Users\EJAJ\Downloads\united-pallates\united-pallates\node_modules\tailwindcss\lib\lib\expandApplyAtRules.js:551:9
      at C:\Users\EJAJ\Downloads\united-pallates\united-pallates\node_modules\tailwindcss\lib\processTailwindFeatures.js:55:50
      at async plugins (C:\Users\EJAJ\Downloads\united-pallates\united-pallates\node_modules\tailwindcss\lib\plugin.js:38:17)
      at async LazyResult.runAsync (C:\Users\EJAJ\Downloads\united-pallates\united-pallates\node_modules\postcss\lib\lazy-result.js:293:11)
      at async runPostCSS (file:///C:/Users/EJAJ/Downloads/united-pallates/united-pallates/node_modules/vite/dist/node/chunks/config.js:30145:19)
      at async compilePostCSS (file:///C:/Users/EJAJ/Downloads/united-pallates/united-pallates/node_modules/vite/dist/node/chunks/config.js:30129:6)
      at async compileCSS (file:///C:/Users/EJAJ/Downloads/united-pallates/united-pallates/node_modules/vite/dist/node/chunks/config.js:30059:26)
[2m9:41:06 am[22m [31m[1m[vite][22m[39m [31mInternal server error: [postcss] C:/Users/EJAJ/Downloads/united-pallates/united-pallates/src/styles.css:635:9: The `bg-white/12` class does not exist. If `bg-white/12` is a custom class, make sure it is defined within a `@layer` directive.[39m
  Plugin: [35mvite:css[39m
  File: [36mC:/Users/EJAJ/Downloads/united-pallates/united-pallates/src/styles.css[39m:635:8
[33m  633 |  
  634 |      .service-icon {
  635 |          @apply inline-flex h-16 w-16 items-center justify-center border border-white/20 bg-white/12 text-white shadow...
      |          ^
  636 |          transition: transform 0.45s ease, background-color 0.45s ease, box-shadow 0.45s ease;
  637 |      }[39m
      at Input.error (C:\Users\EJAJ\Downloads\united-pallates\united-pallates\node_modules\postcss\lib\input.js:135:16)
      at AtRule.error (C:\Users\EJAJ\Downloads\united-pallates\united-pallates\node_modules\postcss\lib\node.js:146:32)
      at processApply (C:\Users\EJAJ\Downloads\united-pallates\united-pallates\node_modules\tailwindcss\lib\lib\expandApplyAtRules.js:380:29)
      at C:\Users\EJAJ\Downloads\united-pallates\united-pallates\node_modules\tailwindcss\lib\lib\expandApplyAtRules.js:551:9
      at C:\Users\EJAJ\Downloads\united-pallates\united-pallates\node_modules\tailwindcss\lib\processTailwindFeatures.js:55:50
      at async plugins (C:\Users\EJAJ\Downloads\united-pallates\united-pallates\node_modules\tailwindcss\lib\plugin.js:38:17)
      at async LazyResult.runAsync (C:\Users\EJAJ\Downloads\united-pallates\united-pallates\node_modules\postcss\lib\lazy-result.js:293:11)
      at async runPostCSS (file:///C:/Users/EJAJ/Downloads/united-pallates/united-pallates/node_modules/vite/dist/node/chunks/config.js:30145:19)
      at async compilePostCSS (file:///C:/Users/EJAJ/Downloads/united-pallates/united-pallates/node_modules/vite/dist/node/chunks/config.js:30129:6)
      at async compileCSS (file:///C:/Users/EJAJ/Downloads/united-pallates/united-pallates/node_modules/vite/dist/node/chunks/config.js:30059:26)
[2m9:41:16 am[22m [31m[1m[vite][22m[39m [31mInternal server error: [postcss] C:/Users/EJAJ/Downloads/united-pallates/united-pallates/src/styles.css:635:9: The `bg-white/12` class does not exist. If `bg-white/12` is a custom class, make sure it is defined within a `@layer` directive.[39m
  Plugin: [35mvite:css[39m
  File: [36mC:/Users/EJAJ/Downloads/united-pallates/united-pallates/src/styles.css[39m:635:8
[33m  633 |  
  634 |      .service-icon {
  635 |          @apply inline-flex h-16 w-16 items-center justify-center border border-white/20 bg-white/12 text-white shadow...
      |          ^
  636 |          transition: transform 0.45s ease, background-color 0.45s ease, box-shadow 0.45s ease;
  637 |      }[39m
      at Input.error (C:\Users\EJAJ\Downloads\united-pallates\united-pallates\node_modules\postcss\lib\input.js:135:16)
      at AtRule.error (C:\Users\EJAJ\Downloads\united-pallates\united-pallates\node_modules\postcss\lib\node.js:146:32)
      at processApply (C:\Users\EJAJ\Downloads\united-pallates\united-pallates\node_modules\tailwindcss\lib\lib\expandApplyAtRules.js:380:29)
      at C:\Users\EJAJ\Downloads\united-pallates\united-pallates\node_modules\tailwindcss\lib\lib\expandApplyAtRules.js:551:9
      at C:\Users\EJAJ\Downloads\united-pallates\united-pallates\node_modules\tailwindcss\lib\processTailwindFeatures.js:55:50
      at async plugins (C:\Users\EJAJ\Downloads\united-pallates\united-pallates\node_modules\tailwindcss\lib\plugin.js:38:17)
      at async LazyResult.runAsync (C:\Users\EJAJ\Downloads\united-pallates\united-pallates\node_modules\postcss\lib\lazy-result.js:293:11)
      at async runPostCSS (file:///C:/Users/EJAJ/Downloads/united-pallates/united-pallates/node_modules/vite/dist/node/chunks/config.js:30145:19)
      at async compilePostCSS (file:///C:/Users/EJAJ/Downloads/united-pallates/united-pallates/node_modules/vite/dist/node/chunks/config.js:30129:6)
      at async compileCSS (file:///C:/Users/EJAJ/Downloads/united-pallates/united-pallates/node_modules/vite/dist/node/chunks/config.js:30059:26)
[2m12:37:32 pm[22m [31m[1m[vite][22m[39m [31mInternal server error: [postcss] C:/Users/EJAJ/Downloads/united-pallates/united-pallates/src/styles.css:1719:9: The `bg-white/6` class does not exist. If `bg-white/6` is a custom class, make sure it is defined within a `@layer` directive.[39m
  Plugin: [35mvite:css[39m
  File: [36mC:/Users/EJAJ/Downloads/united-pallates/united-pallates/src/styles.css[39m:1719:8
[33m  1717 |  
  1718 |      .network-legend-icon {
  1719 |          @apply inline-flex h-11 w-11 shrink-0 items-center justify-center rounded-2xl border border-white/10 bg-white...
       |          ^
  1720 |          box-shadow: inset 0 1px 0 rgba(255, 255, 255, 0.06);
  1721 |      }[39m
      at Input.error (C:\Users\EJAJ\Downloads\united-pallates\united-pallates\node_modules\postcss\lib\input.js:135:16)
      at AtRule.error (C:\Users\EJAJ\Downloads\united-pallates\united-pallates\node_modules\postcss\lib\node.js:146:32)
      at processApply (C:\Users\EJAJ\Downloads\united-pallates\united-pallates\node_modules\tailwindcss\lib\lib\expandApplyAtRules.js:380:29)
      at C:\Users\EJAJ\Downloads\united-pallates\united-pallates\node_modules\tailwindcss\lib\lib\expandApplyAtRules.js:551:9
      at C:\Users\EJAJ\Downloads\united-pallates\united-pallates\node_modules\tailwindcss\lib\processTailwindFeatures.js:55:50
      at async plugins (C:\Users\EJAJ\Downloads\united-pallates\united-pallates\node_modules\tailwindcss\lib\plugin.js:38:17)
      at async LazyResult.runAsync (C:\Users\EJAJ\Downloads\united-pallates\united-pallates\node_modules\postcss\lib\lazy-result.js:293:11)
      at async runPostCSS (file:///C:/Users/EJAJ/Downloads/united-pallates/united-pallates/node_modules/vite/dist/node/chunks/config.js:30145:19)
      at async compilePostCSS (file:///C:/Users/EJAJ/Downloads/united-pallates/united-pallates/node_modules/vite/dist/node/chunks/config.js:30129:6)
      at async compileCSS (file:///C:/Users/EJAJ/Downloads/united-pallates/united-pallates/node_modules/vite/dist/node/chunks/config.js:30059:26)
[2m12:37:32 pm[22m [31m[1m[vite][22m[39m [31mInternal server error: [postcss] C:/Users/EJAJ/Downloads/united-pallates/united-pallates/src/styles.css:1719:9: The `bg-white/6` class does not exist. If `bg-white/6` is a custom class, make sure it is defined within a `@layer` directive.[39m
  Plugin: [35mvite:css[39m
  File: [36mC:/Users/EJAJ/Downloads/united-pallates/united-pallates/src/styles.css[39m:1719:8
[33m  1717 |  
  1718 |      .network-legend-icon {
  1719 |          @apply inline-flex h-11 w-11 shrink-0 items-center justify-center rounded-2xl border border-white/10 bg-white...
       |          ^
  1720 |          box-shadow: inset 0 1px 0 rgba(255, 255, 255, 0.06);
  1721 |      }[39m
      at Input.error (C:\Users\EJAJ\Downloads\united-pallates\united-pallates\node_modules\postcss\lib\input.js:135:16)
      at AtRule.error (C:\Users\EJAJ\Downloads\united-pallates\united-pallates\node_modules\postcss\lib\node.js:146:32)
      at processApply (C:\Users\EJAJ\Downloads\united-pallates\united-pallates\node_modules\tailwindcss\lib\lib\expandApplyAtRules.js:380:29)
      at C:\Users\EJAJ\Downloads\united-pallates\united-pallates\node_modules\tailwindcss\lib\lib\expandApplyAtRules.js:551:9
      at C:\Users\EJAJ\Downloads\united-pallates\united-pallates\node_modules\tailwindcss\lib\processTailwindFeatures.js:55:50
      at async plugins (C:\Users\EJAJ\Downloads\united-pallates\united-pallates\node_modules\tailwindcss\lib\plugin.js:38:17)
      at async LazyResult.runAsync (C:\Users\EJAJ\Downloads\united-pallates\united-pallates\node_modules\postcss\lib\lazy-result.js:293:11)
      at async runPostCSS (file:///C:/Users/EJAJ/Downloads/united-pallates/united-pallates/node_modules/vite/dist/node/chunks/config.js:30145:19)
      at async compilePostCSS (file:///C:/Users/EJAJ/Downloads/united-pallates/united-pallates/node_modules/vite/dist/node/chunks/config.js:30129:6)
      at async compileCSS (file:///C:/Users/EJAJ/Downloads/united-pallates/united-pallates/node_modules/vite/dist/node/chunks/config.js:30059:26)
